{"level":"info","message":"undefined - API Server Start At Port 3000","timestamp":"2023-07-23 14:31:39"}
{"level":"debug","message":"getUsers query test\n: phs@naver.com","timestamp":"2023-07-23 14:32:35"}
{"level":"info","message":"undefined - API Server Start At Port 3000","timestamp":"2023-07-23 14:33:02"}
{"level":"info","message":"undefined - API Server Start At Port 3000","timestamp":"2023-07-23 14:35:37"}
{"level":"info","message":"undefined - API Server Start At Port 3000","timestamp":"2023-07-23 14:36:02"}
{"level":"info","message":"undefined - API Server Start At Port 3000","timestamp":"2023-07-23 14:42:34"}
{"level":"info","message":"undefined - API Server Start At Port 3000","timestamp":"2023-07-23 14:50:39"}
{"level":"info","message":"undefined - API Server Start At Port 3000","timestamp":"2023-07-23 15:09:23"}
{"level":"info","message":"undefined - API Server Start At Port 3000","timestamp":"2023-07-23 15:11:23"}
{"level":"info","message":"undefined - API Server Start At Port 3000","timestamp":"2023-07-23 15:11:46"}
<<<<<<< HEAD
{"level":"info","message":"undefined - API Server Start At Port 3000","timestamp":"2023-07-23 06:30:29"}
{"level":"info","message":"undefined - API Server Start At Port 3000","timestamp":"2023-07-23 06:30:36"}
{"level":"info","message":"undefined - API Server Start At Port 3000","timestamp":"2023-07-23 06:41:28"}
{"level":"info","message":"undefined - API Server Start At Port 3000","timestamp":"2023-07-23 06:41:56"}
{"level":"info","message":"undefined - API Server Start At Port 3000","timestamp":"2023-07-23 06:50:16"}
=======
{"level":"info","message":"undefined - API Server Start At Port 3000","timestamp":"2023-07-23 15:31:41"}
{"level":"info","message":"undefined - API Server Start At Port 3000","timestamp":"2023-07-23 15:39:12"}
<<<<<<< HEAD
<<<<<<< HEAD
>>>>>>> 11bd37fd5740d65d8251e9f4aa6fbd92f247364c
{"level":"info","message":"undefined - API Server Start At Port 3000","timestamp":"2023-07-23 06:51:18"}
{"level":"info","message":"undefined - API Server Start At Port 3000","timestamp":"2023-07-23 06:59:50"}
{"level":"info","message":"undefined - API Server Start At Port 3000","timestamp":"2023-07-23 07:41:33"}
{"level":"info","message":"undefined - API Server Start At Port 3000","timestamp":"2023-07-23 07:41:55"}
{"level":"info","message":"undefined - API Server Start At Port 3000","timestamp":"2023-07-23 07:41:55"}
{"level":"info","message":"undefined - API Server Start At Port 3000","timestamp":"2023-07-23 07:41:56"}
{"level":"info","message":"undefined - API Server Start At Port 3000","timestamp":"2023-07-23 07:41:57"}
{"level":"info","message":"undefined - API Server Start At Port 3000","timestamp":"2023-07-23 07:41:58"}
{"level":"info","message":"undefined - API Server Start At Port 3000","timestamp":"2023-07-23 07:41:59"}
{"level":"info","message":"undefined - API Server Start At Port 3000","timestamp":"2023-07-23 07:42:00"}
{"level":"info","message":"undefined - API Server Start At Port 3000","timestamp":"2023-07-23 07:42:01"}
{"level":"info","message":"undefined - API Server Start At Port 3000","timestamp":"2023-07-23 07:42:02"}
{"level":"info","message":"undefined - API Server Start At Port 3000","timestamp":"2023-07-23 07:42:03"}
{"level":"info","message":"undefined - API Server Start At Port 3000","timestamp":"2023-07-23 07:42:10"}
=======
{"level":"info","message":"undefined - API Server Start At Port 3000","timestamp":"2023-07-23 16:04:25"}
{"level":"info","message":"undefined - API Server Start At Port 3000","timestamp":"2023-07-23 16:20:15"}
{"level":"info","message":"undefined - API Server Start At Port 3000","timestamp":"2023-07-23 16:22:31"}
{"level":"info","message":"undefined - API Server Start At Port 3000","timestamp":"2023-07-23 16:24:52"}
{"level":"info","message":"undefined - API Server Start At Port 3000","timestamp":"2023-07-23 16:25:18"}
{"level":"info","message":"undefined - API Server Start At Port 3000","timestamp":"2023-07-23 16:27:09"}
{"level":"info","message":"undefined - API Server Start At Port 3000","timestamp":"2023-07-23 16:40:17"}
{"level":"info","message":"undefined - API Server Start At Port 3000","timestamp":"2023-07-23 16:43:32"}
{"level":"info","message":"undefined - API Server Start At Port 3000","timestamp":"2023-07-23 16:50:19"}
{"level":"info","message":"undefined - API Server Start At Port 3000","timestamp":"2023-07-23 16:51:17"}
{"level":"info","message":"undefined - API Server Start At Port 3000","timestamp":"2023-07-23 16:52:14"}
{"level":"info","message":"undefined - API Server Start At Port 3000","timestamp":"2023-07-23 16:57:36"}
<<<<<<< HEAD
>>>>>>> 3b5b02f9b11c623c4a2bcc6da735d7ef2116fb46
{"level":"info","message":"undefined - API Server Start At Port 3000","timestamp":"2023-07-23 08:09:08"}
=======
{"level":"info","message":"undefined - API Server Start At Port 3000","timestamp":"2023-07-23 17:08:44"}
>>>>>>> 1d617e0665a0e937d8381f441ce5179e98368825
{"level":"info","message":"undefined - API Server Start At Port 3000","timestamp":"2023-07-23 08:25:38"}
=======
{"level":"info","message":"undefined - API Server Start At Port 3000","timestamp":"2023-07-23 16:04:25"}
{"level":"info","message":"undefined - API Server Start At Port 3000","timestamp":"2023-07-23 16:20:15"}
{"level":"info","message":"undefined - API Server Start At Port 3000","timestamp":"2023-07-23 16:22:31"}
{"level":"info","message":"undefined - API Server Start At Port 3000","timestamp":"2023-07-23 16:24:52"}
{"level":"info","message":"undefined - API Server Start At Port 3000","timestamp":"2023-07-23 16:25:18"}
<<<<<<< HEAD
>>>>>>> 01c4bd33cd69a9cfddb4f2863a5129abaeab4f1d
=======
{"level":"info","message":"undefined - API Server Start At Port 3000","timestamp":"2023-07-23 17:36:34"}
{"level":"info","message":"undefined - API Server Start At Port 3000","timestamp":"2023-07-23 17:37:12"}
{"level":"info","message":"undefined - API Server Start At Port 3000","timestamp":"2023-07-23 17:37:27"}
{"level":"info","message":"undefined - API Server Start At Port 3000","timestamp":"2023-07-23 17:37:34"}
{"level":"info","message":"undefined - API Server Start At Port 3000","timestamp":"2023-07-23 17:38:42"}
{"level":"info","message":"undefined - API Server Start At Port 3000","timestamp":"2023-07-23 17:38:52"}
{"level":"info","message":"undefined - API Server Start At Port 3000","timestamp":"2023-07-23 17:38:59"}
{"level":"info","message":"undefined - API Server Start At Port 3000","timestamp":"2023-07-23 17:39:41"}
{"level":"info","message":"undefined - API Server Start At Port 3000","timestamp":"2023-07-23 17:39:51"}
{"level":"info","message":"undefined - API Server Start At Port 3000","timestamp":"2023-07-23 17:42:26"}
{"level":"info","message":"undefined - API Server Start At Port 3000","timestamp":"2023-07-23 18:20:55"}
{"level":"info","message":"undefined - API Server Start At Port 3000","timestamp":"2023-07-23 18:22:33"}
<<<<<<< HEAD
>>>>>>> 30b953513b94675e738b4d9c82c2a3f9cbfeb18f
{"level":"info","message":"undefined - API Server Start At Port 3000","timestamp":"2023-07-23 09:24:58"}
=======
{"level":"info","message":"undefined - API Server Start At Port 3000","timestamp":"2023-07-23 18:28:13"}
>>>>>>> 4bf34a45093abd65a9ada4fb97ed5d1a0d345918
{"level":"info","message":"undefined - API Server Start At Port 3000","timestamp":"2023-07-23 09:28:57"}
